{
  "stats": {
    "suites": 1,
    "tests": 2,
    "passes": 1,
    "pending": 0,
    "failures": 1,
    "start": "2022-12-04T13:41:52.456Z",
    "end": "2022-12-04T13:41:53.035Z",
    "duration": 579,
    "testsRegistered": 2,
    "passPercent": 50,
    "pendingPercent": 0,
    "other": 0,
    "hasOther": false,
    "skipped": 0,
    "hasSkipped": false
  },
  "results": [
    {
      "uuid": "304f623d-04d4-41fc-a951-6bc74e6aed62",
      "title": "",
      "fullFile": "/Users/digitalenvision/APIAutomation/api/test/postRegistration.js",
      "file": "/api/test/postRegistration.js",
      "beforeHooks": [],
      "afterHooks": [],
      "tests": [],
      "suites": [
        {
          "uuid": "87b5293e-efc7-410b-94ed-e34c2ad9a2f2",
          "title": "POST /api/authaccount/registration",
          "fullFile": "/Users/digitalenvision/APIAutomation/api/test/postRegistration.js",
          "file": "/api/test/postRegistration.js",
          "beforeHooks": [],
          "afterHooks": [],
          "tests": [
            {
              "title": "register new valid user auth",
              "fullTitle": "POST /api/authaccount/registration register new valid user auth",
              "timedOut": false,
              "duration": 272,
              "state": "failed",
              "speed": null,
              "pass": false,
              "fail": true,
              "pending": false,
              "context": null,
              "code": "const response = await request.post(endpoint).send({\n  name: USER_DATA.name,\n  email: USER_DATA.email,\n  password: USER_DATA.password,\n});\n// console.log(response.body.code);\n// console.log(response.body.data.Name);\n// console.log(response.body.data.Email);\n// console.log(response.body.data.Token);\n// console.log(response.status);\nexpect(response.status).to.eql(200);\nexpect(response.body.code).to.eql(0);\nexpect(response.body.data.Name).to.eql(USER_DATA.name);\nexpect(response.body.data.Email).to.eql(USER_DATA.email);",
              "err": {
                "message": "AssertionError: expected 1 to deeply equal +0",
                "estack": "AssertionError: expected 1 to deeply equal +0\n    at Context.<anonymous> (api/test/postRegistration.js:23:35)\n    at processTicksAndRejections (node:internal/process/task_queues:96:5)",
                "diff": "- 1\n+ 0\n"
              },
              "uuid": "44efbcea-6c91-4eea-abd3-39705472c8e1",
              "parentUUID": "87b5293e-efc7-410b-94ed-e34c2ad9a2f2",
              "isHook": false,
              "skipped": false
            },
            {
              "title": "register with same email user auth",
              "fullTitle": "POST /api/authaccount/registration register with same email user auth",
              "timedOut": false,
              "duration": 299,
              "state": "passed",
              "speed": "slow",
              "pass": true,
              "fail": false,
              "pending": false,
              "context": null,
              "code": "const response = await request.post(endpoint).send({\n  name: USER_DATA.name,\n  email: USER_DATA.email,\n  password: USER_DATA.password,\n});\nexpect(response.status).to.eql(200);\nexpect(response.body.code).to.eql(1);",
              "err": {},
              "uuid": "44140799-d737-4b11-8787-1ed7cd3cca29",
              "parentUUID": "87b5293e-efc7-410b-94ed-e34c2ad9a2f2",
              "isHook": false,
              "skipped": false
            }
          ],
          "suites": [],
          "passes": [
            "44140799-d737-4b11-8787-1ed7cd3cca29"
          ],
          "failures": [
            "44efbcea-6c91-4eea-abd3-39705472c8e1"
          ],
          "pending": [],
          "skipped": [],
          "duration": 571,
          "root": false,
          "rootEmpty": false,
          "_timeout": 2000
        }
      ],
      "passes": [],
      "failures": [],
      "pending": [],
      "skipped": [],
      "duration": 0,
      "root": true,
      "rootEmpty": true,
      "_timeout": 2000
    }
  ],
  "meta": {
    "mocha": {
      "version": "10.1.0"
    },
    "mochawesome": {
      "options": {
        "quiet": false,
        "reportFilename": "mochawesome",
        "saveHtml": true,
        "saveJson": true,
        "consoleReporter": "spec",
        "useInlineDiffs": false,
        "code": true
      },
      "version": "7.1.3"
    },
    "marge": {
      "options": null,
      "version": "6.2.0"
    }
  }
}